2026-04-28 17:10:33 [INFO] [data_collection] *** Manual Mode ***: Targeting project 'spring-boot-graalvm'
2026-04-28 17:10:33 [INFO] [data_collection] --- Starting Harvester Pipeline: 1 projects ---
2026-04-28 17:10:33 [INFO] [data_collection] >>> Harvesting Project: spring-boot-graalvm
2026-04-28 17:11:24 [INFO] [data_collection] --- Harvester Pipeline Finished ---
2026-04-28 17:29:12 [INFO] [data_collection] *** Manual Mode ***: Targeting project 'spring-native'
2026-04-28 17:29:12 [INFO] [data_collection] --- Starting Harvester Pipeline: 1 projects ---
2026-04-28 17:29:12 [INFO] [data_collection] >>> Harvesting Project: spring-native
2026-04-28 17:34:17 [INFO] [data_collection] --- Harvester Pipeline Finished ---
2026-04-28 17:36:10 [INFO] [data_collection] *** Manual Mode ***: Targeting project 'spring-native'
2026-04-28 17:36:10 [INFO] [data_collection] --- Starting Harvester Pipeline: 1 projects ---
2026-04-28 17:36:10 [INFO] [data_collection] >>> Harvesting Project: spring-native
2026-04-28 17:36:11 [ERROR] [data_collection]  [!] Critical error harvesting spring-native: name 'env' is not defined
2026-04-28 17:36:12 [INFO] [data_collection] --- Harvester Pipeline Finished ---
2026-04-28 17:37:06 [INFO] [data_collection] *** Manual Mode ***: Targeting project 'spring-native'
2026-04-28 17:37:06 [INFO] [data_collection] --- Starting Harvester Pipeline: 1 projects ---
2026-04-28 17:37:06 [INFO] [data_collection] >>> Harvesting Project: spring-native
2026-04-28 17:53:42 [INFO] [data_collection] *** Manual Mode ***: Targeting project 'azure-native-spring-function'
2026-04-28 17:53:42 [INFO] [data_collection] --- Starting Harvester Pipeline: 1 projects ---
2026-04-28 17:53:42 [INFO] [data_collection] >>> Harvesting Project: azure-native-spring-function
2026-04-28 17:54:02 [INFO] [data_collection] --- Harvester Pipeline Finished ---
2026-04-28 18:02:53 [INFO] [data_collection] *** Manual Mode ***: Targeting project 'spring-native'
2026-04-28 18:02:53 [INFO] [data_collection] --- Starting Harvester Pipeline: 1 projects ---
2026-04-28 18:02:53 [INFO] [data_collection] >>> Harvesting Project: spring-native
2026-04-28 18:07:59 [INFO] [data_collection] --- Harvester Pipeline Finished ---
2026-04-28 18:09:03 [INFO] [data_collection] *** Manual Mode ***: Targeting project 'spring-native'
2026-04-28 18:09:03 [INFO] [data_collection] --- Starting Harvester Pipeline: 1 projects ---
2026-04-28 18:09:03 [INFO] [data_collection] >>> Harvesting Project: spring-native
2026-04-28 18:11:10 [INFO] [data_collection] --- Harvester Pipeline Finished ---
2026-05-01 11:37:21 [INFO] [data_collection] *** Manual Mode ***: Targeting project 'native-aws-fargate'
2026-05-01 11:37:21 [INFO] [data_collection] --- Starting Harvester Pipeline: 1 projects ---
2026-05-01 11:37:21 [INFO] [data_collection] >>> Harvesting Project: native-aws-fargate
2026-05-01 11:37:22 [INFO] [data_collection] --- Harvester Pipeline Finished ---
2026-05-01 11:49:14 [INFO] [data_collection] *** Manual Mode ***: Targeting project 'native-aws-fargate'
2026-05-01 11:49:14 [INFO] [data_collection] --- Starting Harvester Pipeline: 1 projects ---
2026-05-01 11:49:14 [INFO] [data_collection] >>> Harvesting Project: native-aws-fargate
2026-05-01 11:49:21 [INFO] [data_collection] --- Harvester Pipeline Finished ---
2026-05-01 11:52:45 [INFO] [data_collection] *** Manual Mode ***: Targeting project 'master'
2026-05-01 11:52:45 [INFO] [data_collection] --- Starting Harvester Pipeline: 1 projects ---
2026-05-01 11:52:45 [INFO] [data_collection] >>> Harvesting Project: master
2026-05-01 11:52:49 [INFO] [data_collection] --- Harvester Pipeline Finished ---
2026-05-01 12:03:02 [INFO] [data_collection] *** Manual Mode ***: Targeting project 'native-aws-fargate'
2026-05-01 12:03:02 [INFO] [data_collection] --- Starting Harvester Pipeline: 1 projects ---
2026-05-01 12:03:02 [INFO] [data_collection] >>> Harvesting Project: native-aws-fargate
2026-05-01 12:03:02 [INFO] [data_collection] --- Harvester Pipeline Finished ---
2026-05-01 12:45:43 [INFO] [data_collection] *** Manual Mode ***: Targeting project 'native-aws-fargate'
2026-05-01 12:45:43 [INFO] [data_collection] --- Starting Harvester Pipeline: 1 projects ---
2026-05-01 12:45:43 [INFO] [data_collection] >>> Harvesting Project: native-aws-fargate
2026-05-01 12:45:49 [INFO] [data_collection] --- Harvester Pipeline Finished ---
