2026-04-26 18:29:50 [INFO] [graph_processor] *** Manual Mode ***: Targeting project 'mini-erp'
2026-04-26 18:29:50 [INFO] [graph_processor] --- Starting Graph Processor Pipeline: 1 projects ---
2026-04-26 18:29:50 [INFO] [graph_processor] >>> Processing: mini-erp
2026-04-26 18:29:50 [INFO] [graph_processor] --- [START ANALYSIS: mini-erp] ---
2026-04-26 18:29:52 [INFO] [graph_processor] [+] Dependency: logback-classic:1.5.18 | Refl: 97 | Proxy: 0
2026-04-26 18:29:53 [INFO] [graph_processor] [+] Dependency: logback-core:1.5.18 | Refl: 8 | Proxy: 0
2026-04-26 18:29:55 [INFO] [graph_processor] [+] Dependency: jackson-databind:2.19.2 | Refl: 18 | Proxy: 0
2026-04-26 18:29:58 [INFO] [graph_processor] [+] Dependency: HdrHistogram:2.2.2 | Refl: 12 | Proxy: 0
2026-04-26 18:29:59 [INFO] [graph_processor] [+] Dependency: HikariCP:6.3.3 | Refl: 8 | Proxy: 0
2026-04-26 18:30:00 [INFO] [graph_processor] [+] Dependency: hibernate-core:6.6.29.Final | Refl: 1214 | Proxy: 0
2026-04-26 18:30:00 [INFO] [graph_processor] [+] Dependency: jakarta.persistence-api:3.1.0 | Refl: 2 | Proxy: 0
2026-04-26 18:30:01 [INFO] [graph_processor] [+] Dependency: jboss-logging:3.6.1.Final | Refl: 12 | Proxy: 0
2026-04-26 18:30:02 [INFO] [graph_processor] [+] Dependency: classmate:1.7.0 | Refl: 2 | Proxy: 0
2026-04-26 18:30:03 [INFO] [graph_processor] [+] Dependency: jaxb-runtime:4.0.5 | Refl: 10 | Proxy: 0
2026-04-26 18:30:07 [INFO] [graph_processor] [+] Dependency: slf4j-api:2.0.17 | Refl: 2 | Proxy: 0
2026-04-26 18:30:08 [INFO] [graph_processor] [+] Dependency: thymeleaf-spring6:3.1.3.RELEASE | Refl: 4 | Proxy: 0
2026-04-26 18:30:08 [INFO] [graph_processor] [+] Dependency: thymeleaf:3.1.3.RELEASE | Refl: 59 | Proxy: 0
2026-04-26 18:30:11 [INFO] [graph_processor] [+] Dependency: tomcat-embed-core:10.1.46 | Refl: 105 | Proxy: 0
2026-04-26 18:30:12 [INFO] [graph_processor] [+] Dependency: postgresql:42.7.7 | Refl: 8 | Proxy: 0
2026-04-26 18:30:16 [INFO] [graph_processor] [+] Dependency: hibernate-validator:8.0.3.Final | Refl: 356 | Proxy: 0
2026-04-26 18:30:17 [INFO] [graph_processor] --- [END OF ANALYSIS: 83 deps processed for mini-erp] ---
2026-04-26 18:30:17 [INFO] [graph_processor]  [OK] mini-erp completed.

2026-04-26 18:30:17 [INFO] [graph_processor] --- Graph Processor Pipeline Finished ---
2026-04-26 18:43:58 [INFO] [graph_processor] *** Manual Mode ***: Targeting project 'mini-erp'
2026-04-26 18:43:58 [INFO] [graph_processor] --- Starting Graph Processor Pipeline: 1 projects ---
2026-04-26 18:43:58 [INFO] [graph_processor] >>> Processing: mini-erp
2026-04-26 18:43:59 [INFO] [graph_processor] --- [START ANALYSIS: mini-erp] ---
2026-04-26 18:44:00 [INFO] [graph_processor] [+] Dependency: logback-classic:1.5.18 | Refl: 97 | Proxy: 0
2026-04-26 18:44:01 [INFO] [graph_processor] [+] Dependency: logback-core:1.5.18 | Refl: 8 | Proxy: 0
2026-04-26 18:44:04 [INFO] [graph_processor] [+] Dependency: jackson-databind:2.19.2 | Refl: 18 | Proxy: 0
2026-04-26 18:44:06 [INFO] [graph_processor] [+] Dependency: HdrHistogram:2.2.2 | Refl: 12 | Proxy: 0
2026-04-26 18:44:07 [INFO] [graph_processor] [+] Dependency: HikariCP:6.3.3 | Refl: 8 | Proxy: 0
2026-04-26 18:44:08 [INFO] [graph_processor] [+] Dependency: hibernate-core:6.6.29.Final | Refl: 1214 | Proxy: 0
2026-04-26 18:44:09 [INFO] [graph_processor] [+] Dependency: jakarta.persistence-api:3.1.0 | Refl: 2 | Proxy: 0
2026-04-26 18:44:09 [INFO] [graph_processor] [+] Dependency: jboss-logging:3.6.1.Final | Refl: 12 | Proxy: 0
2026-04-26 18:44:10 [INFO] [graph_processor] [+] Dependency: classmate:1.7.0 | Refl: 2 | Proxy: 0
2026-04-26 18:44:11 [INFO] [graph_processor] [+] Dependency: jaxb-runtime:4.0.5 | Refl: 10 | Proxy: 0
2026-04-26 18:44:15 [INFO] [graph_processor] [+] Dependency: slf4j-api:2.0.17 | Refl: 2 | Proxy: 0
2026-04-26 18:44:16 [INFO] [graph_processor] [+] Dependency: thymeleaf-spring6:3.1.3.RELEASE | Refl: 4 | Proxy: 0
2026-04-26 18:44:17 [INFO] [graph_processor] [+] Dependency: thymeleaf:3.1.3.RELEASE | Refl: 59 | Proxy: 0
2026-04-26 18:44:19 [INFO] [graph_processor] [+] Dependency: tomcat-embed-core:10.1.46 | Refl: 105 | Proxy: 0
2026-04-26 18:44:21 [INFO] [graph_processor] [+] Dependency: postgresql:42.7.7 | Refl: 8 | Proxy: 0
2026-04-26 18:44:24 [INFO] [graph_processor] [+] Dependency: hibernate-validator:8.0.3.Final | Refl: 356 | Proxy: 0
2026-04-26 18:44:25 [INFO] [graph_processor] --- [END OF ANALYSIS: 83 deps processed for mini-erp] ---
2026-04-26 18:44:25 [INFO] [graph_processor]  [OK] mini-erp completed.

2026-04-26 18:44:25 [INFO] [graph_processor] --- Graph Processor Pipeline Finished ---
2026-04-26 18:49:42 [INFO] [graph_processor] *** Manual Mode ***: Targeting project 'mini-erp'
2026-04-26 18:49:42 [INFO] [graph_processor] --- Starting Graph Processor Pipeline: 1 projects ---
2026-04-26 18:49:42 [INFO] [graph_processor] >>> Processing: mini-erp
2026-04-26 18:49:43 [INFO] [graph_processor] --- [START ANALYSIS: mini-erp] ---
2026-04-26 18:49:44 [INFO] [graph_processor] [+] Dependency: logback-classic:1.5.18 | Refl: 97 | Proxy: 0
2026-04-26 18:49:45 [INFO] [graph_processor] [+] Dependency: logback-core:1.5.18 | Refl: 8 | Proxy: 0
2026-04-26 18:49:47 [INFO] [graph_processor] [+] Dependency: jackson-databind:2.19.2 | Refl: 18 | Proxy: 0
2026-04-26 18:49:50 [INFO] [graph_processor] [+] Dependency: HdrHistogram:2.2.2 | Refl: 12 | Proxy: 0
2026-04-26 18:49:51 [INFO] [graph_processor] [+] Dependency: HikariCP:6.3.3 | Refl: 8 | Proxy: 0
2026-04-26 18:49:52 [INFO] [graph_processor] [+] Dependency: hibernate-core:6.6.29.Final | Refl: 1214 | Proxy: 0
2026-04-26 18:49:52 [INFO] [graph_processor] [+] Dependency: jakarta.persistence-api:3.1.0 | Refl: 2 | Proxy: 0
2026-04-26 18:49:53 [INFO] [graph_processor] [+] Dependency: jboss-logging:3.6.1.Final | Refl: 12 | Proxy: 0
2026-04-26 18:49:54 [INFO] [graph_processor] [+] Dependency: classmate:1.7.0 | Refl: 2 | Proxy: 0
2026-04-26 18:49:55 [INFO] [graph_processor] [+] Dependency: jaxb-runtime:4.0.5 | Refl: 10 | Proxy: 0
2026-04-26 18:49:59 [INFO] [graph_processor] [+] Dependency: slf4j-api:2.0.17 | Refl: 2 | Proxy: 0
2026-04-26 18:50:00 [INFO] [graph_processor] [+] Dependency: thymeleaf-spring6:3.1.3.RELEASE | Refl: 4 | Proxy: 0
2026-04-26 18:50:01 [INFO] [graph_processor] [+] Dependency: thymeleaf:3.1.3.RELEASE | Refl: 59 | Proxy: 0
2026-04-26 18:50:03 [INFO] [graph_processor] [+] Dependency: tomcat-embed-core:10.1.46 | Refl: 105 | Proxy: 0
2026-04-26 18:50:05 [INFO] [graph_processor] [+] Dependency: postgresql:42.7.7 | Refl: 8 | Proxy: 0
2026-04-26 18:50:08 [INFO] [graph_processor] [+] Dependency: hibernate-validator:8.0.3.Final | Refl: 356 | Proxy: 0
2026-04-26 18:50:09 [INFO] [graph_processor] --- [END OF ANALYSIS: 83 deps processed for mini-erp] ---
2026-04-26 18:50:09 [INFO] [graph_processor]  [OK] mini-erp completed.

2026-04-26 18:50:09 [INFO] [graph_processor] --- Graph Processor Pipeline Finished ---
2026-04-26 18:51:12 [INFO] [graph_processor] *** Manual Mode ***: Targeting project 'LabMQTT'
2026-04-26 18:51:12 [INFO] [graph_processor] --- Starting Graph Processor Pipeline: 1 projects ---
2026-04-26 18:51:12 [INFO] [graph_processor] >>> Processing: LabMQTT
2026-04-26 18:51:12 [INFO] [graph_processor] --- [START ANALYSIS: LabMQTT] ---
2026-04-26 18:51:12 [INFO] [graph_processor] [+] Dependency: slf4j-api:1.7.36 | Refl: 2 | Proxy: 0
2026-04-26 18:51:12 [INFO] [graph_processor] --- [END OF ANALYSIS: 2 deps processed for LabMQTT] ---
2026-04-26 18:51:12 [INFO] [graph_processor]  [OK] LabMQTT completed.

2026-04-26 18:51:12 [INFO] [graph_processor] --- Graph Processor Pipeline Finished ---
2026-04-27 10:05:35 [INFO] [graph_processor] *** Manual Mode ***: Targeting project 'LabMQTT'
2026-04-27 10:05:35 [INFO] [graph_processor] --- Starting Graph Processor Pipeline: 1 projects ---
2026-04-27 10:05:35 [INFO] [graph_processor] >>> Processing: LabMQTT
2026-04-27 10:05:35 [INFO] [graph_processor] --- [START ANALYSIS: LabMQTT] ---
2026-04-27 10:05:36 [INFO] [graph_processor] [+] Dependency: slf4j-api:1.7.36 | Refl: 2 | Proxy: 0
2026-04-27 10:05:36 [INFO] [graph_processor] --- [END OF ANALYSIS: 2 deps processed for LabMQTT] ---
2026-04-27 10:05:36 [INFO] [graph_processor]  [OK] LabMQTT completed.

2026-04-27 10:05:36 [INFO] [graph_processor]  [OK] LabMQTT completed.

2026-04-27 10:05:36 [INFO] [graph_processor] --- Graph Processor Pipeline Finished ---
2026-04-28 17:11:49 [INFO] [graph_processor] *** Manual Mode ***: Targeting project 'spring-boot-graalvm'
2026-04-28 17:11:49 [INFO] [graph_processor] --- Starting Graph Processor Pipeline: 1 projects ---
2026-04-28 17:11:49 [INFO] [graph_processor] >>> Processing: spring-boot-graalvm
2026-04-28 17:11:49 [INFO] [graph_processor] --- [START ANALYSIS: spring-boot-graalvm] ---
2026-04-28 17:11:49 [INFO] [graph_processor] --- [END OF ANALYSIS: 0 deps processed for spring-boot-graalvm] ---
2026-04-28 17:11:49 [INFO] [graph_processor]  [OK] spring-boot-graalvm completed.

2026-04-28 17:11:49 [INFO] [graph_processor] --- Graph Processor Pipeline Finished ---
2026-04-28 17:28:50 [INFO] [graph_processor] *** Manual Mode ***: Targeting project 'spring-boot-graalvm'
2026-04-28 17:28:50 [INFO] [graph_processor] --- Starting Graph Processor Pipeline: 1 projects ---
2026-04-28 17:28:50 [INFO] [graph_processor] >>> Processing: spring-boot-graalvm
2026-04-28 17:28:50 [INFO] [graph_processor] --- [START ANALYSIS: spring-boot-graalvm] ---
2026-04-28 17:28:50 [INFO] [graph_processor] --- [END OF ANALYSIS: 0 deps processed for spring-boot-graalvm] ---
2026-04-28 17:28:50 [INFO] [graph_processor]  [OK] spring-boot-graalvm completed.

2026-04-28 17:28:50 [INFO] [graph_processor] --- Graph Processor Pipeline Finished ---
2026-04-28 17:57:22 [INFO] [graph_processor] *** Manual Mode ***: Targeting project 'azure-native-spring-function'
2026-04-28 17:57:22 [INFO] [graph_processor] --- Starting Graph Processor Pipeline: 1 projects ---
2026-04-28 17:57:22 [INFO] [graph_processor] >>> Processing: azure-native-spring-function
2026-04-28 17:57:44 [INFO] [graph_processor]  [OK] azure-native-spring-function completed.

2026-04-28 17:57:44 [INFO] [graph_processor] --- Graph Processor Pipeline Finished ---
2026-04-28 17:59:18 [INFO] [graph_processor] *** Manual Mode ***: Targeting project 'doom-graal'
2026-04-28 17:59:18 [INFO] [graph_processor] --- Starting Graph Processor Pipeline: 1 projects ---
2026-04-28 17:59:18 [INFO] [graph_processor] >>> Processing: doom-graal
2026-04-28 17:59:18 [INFO] [graph_processor]  [OK] doom-graal completed.

2026-04-28 17:59:18 [INFO] [graph_processor] --- Graph Processor Pipeline Finished ---
2026-04-28 17:59:56 [INFO] [graph_processor] *** Manual Mode ***: Targeting project 'java-graalvm-start'
2026-04-28 17:59:56 [INFO] [graph_processor] --- Starting Graph Processor Pipeline: 1 projects ---
2026-04-28 17:59:56 [INFO] [graph_processor] >>> Processing: java-graalvm-start
2026-04-28 18:00:28 [INFO] [graph_processor]  [OK] java-graalvm-start completed.

2026-04-28 18:00:28 [INFO] [graph_processor] --- Graph Processor Pipeline Finished ---
2026-04-28 18:01:35 [INFO] [graph_processor] *** Manual Mode ***: Targeting project 'spring-boot-graalvm'
2026-04-28 18:01:35 [INFO] [graph_processor] --- Starting Graph Processor Pipeline: 1 projects ---
2026-04-28 18:01:35 [INFO] [graph_processor] >>> Processing: spring-boot-graalvm
2026-04-28 18:01:35 [INFO] [graph_processor]  [OK] spring-boot-graalvm completed.

2026-04-28 18:01:35 [INFO] [graph_processor] --- Graph Processor Pipeline Finished ---
2026-04-28 18:17:09 [INFO] [graph_processor] *** Manual Mode ***: Targeting project 'spring-native'
2026-04-28 18:17:09 [INFO] [graph_processor] --- Starting Graph Processor Pipeline: 1 projects ---
2026-04-28 18:17:09 [INFO] [graph_processor] >>> Processing: spring-native
2026-04-28 18:20:00 [INFO] [graph_processor]  [OK] spring-native completed.

2026-04-28 18:20:00 [INFO] [graph_processor] --- Graph Processor Pipeline Finished ---
