2026-04-28 17:29:14 [INFO] [maven_manager] Running Maven: org.cyclonedx:cyclonedx-maven-plugin:makeAggregateBom
2026-04-28 17:34:14 [ERROR] [maven_manager] Timeout: Mvn build exceeded 5 minutes.temp/work_dir/spring-native
2026-04-28 17:34:14 [INFO] [maven_manager] Running Maven: help:effective-pom -Doutput=/Users/sergiovinicio/PycharmProjects/GraphAOT/temp/work_dir/spring-native/target/effective-pom.xml
2026-04-28 17:36:11 [INFO] [maven_manager] Running Maven: org.cyclonedx:cyclonedx-maven-plugin:makeAggregateBom
2026-04-28 17:37:08 [INFO] [maven_manager] Running Maven: org.cyclonedx:cyclonedx-maven-plugin:makeAggregateBom
2026-04-28 17:53:43 [INFO] [maven_manager] Running Maven: org.cyclonedx:cyclonedx-maven-plugin:makeAggregateBom
2026-04-28 17:53:57 [INFO] [maven_manager] Running Maven: help:effective-pom -Doutput=/Users/sergiovinicio/PycharmProjects/GraphAOT/temp/work_dir/azure-native-spring-function/target/effective-pom.xml
2026-04-28 18:02:55 [INFO] [maven_manager] Running Maven: org.cyclonedx:cyclonedx-maven-plugin:makeAggregateBom
2026-04-28 18:07:55 [ERROR] [maven_manager] Timeout: Mvn build exceeded 5 minutes.temp/work_dir/spring-native
2026-04-28 18:07:55 [INFO] [maven_manager] Running Maven: help:effective-pom -Doutput=/Users/sergiovinicio/PycharmProjects/GraphAOT/temp/work_dir/spring-native/target/effective-pom.xml
2026-04-28 18:09:05 [INFO] [maven_manager] Running Maven: org.cyclonedx:cyclonedx-maven-plugin:makeAggregateBom
2026-04-28 18:11:03 [INFO] [maven_manager] Running Maven: help:effective-pom -Doutput=/Users/sergiovinicio/PycharmProjects/GraphAOT/temp/work_dir/spring-native/target/effective-pom.xml
2026-05-01 11:49:18 [INFO] [maven_manager] Running Maven: org.cyclonedx:cyclonedx-maven-plugin:makeAggregateBom
2026-05-01 11:49:20 [ERROR] [maven_manager] Maven error: 
2026-05-01 11:49:20 [INFO] [maven_manager] Running Maven: help:effective-pom -Doutput=/Users/sergiovinicio/PycharmProjects/GraphAOT/temp/work_dir/native-aws-fargate/target/effective-pom.xml
2026-05-01 11:49:21 [ERROR] [maven_manager] Maven error: 
2026-05-01 11:49:21 [ERROR] [maven_manager] Audit file not found in: temp/work_dir/native-aws-fargate/target/effective-pom.xml
2026-05-01 11:52:47 [INFO] [maven_manager] Running Maven: org.cyclonedx:cyclonedx-maven-plugin:makeAggregateBom
2026-05-01 11:52:48 [ERROR] [maven_manager] Maven error: 
2026-05-01 11:52:48 [INFO] [maven_manager] Running Maven: help:effective-pom -Doutput=/Users/sergiovinicio/PycharmProjects/GraphAOT/temp/work_dir/master/target/effective-pom.xml
2026-05-01 11:52:49 [ERROR] [maven_manager] Maven error: 
2026-05-01 11:52:49 [ERROR] [maven_manager] Audit file not found in: temp/work_dir/master/target/effective-pom.xml
2026-05-01 12:45:46 [INFO] [maven_manager] Running Maven: org.cyclonedx:cyclonedx-maven-plugin:makeAggregateBom
2026-05-01 12:45:48 [ERROR] [maven_manager] Maven error: 
2026-05-01 12:45:48 [INFO] [maven_manager] Running Maven: help:effective-pom -Doutput=/Users/sergiovinicio/PycharmProjects/GraphAOT/temp/work_dir/native-aws-fargate/target/effective-pom.xml
2026-05-01 12:45:48 [ERROR] [maven_manager] Maven error: 
2026-05-01 12:45:48 [ERROR] [maven_manager] Audit file not found in: temp/work_dir/native-aws-fargate/target/effective-pom.xml
2026-05-01 13:01:06 [INFO] [maven_manager] Running Maven: org.cyclonedx:cyclonedx-maven-plugin:makeAggregateBom
2026-05-01 13:01:48 [INFO] [maven_manager] Running Maven: help:effective-pom -Doutput=/Users/sergiovinicio/PycharmProjects/GraphAOT/temp/work_dir/piggymetrics/target/effective-pom.xml
2026-05-01 13:06:21 [INFO] [maven_manager] Running Maven: org.cyclonedx:cyclonedx-maven-plugin:makeAggregateBom
2026-05-01 13:06:35 [INFO] [maven_manager] Running Maven: help:effective-pom -Doutput=/Users/sergiovinicio/PycharmProjects/GraphAOT/temp/work_dir/SpringBootForBeginners/target/effective-pom.xml
