
============================================================
PROJECT: algo-struct | DATE: 2026-04-06 13:45:14
SUMMARY: 41 deps | Refl: 283
------------------------------------------------------------
Dependency: logback-classic:1.5.18 | Refl: 97 | Proxy: 0
Dependency: thymeleaf-spring6:3.1.3.RELEASE | Refl: 4 | Proxy: 0
Dependency: thymeleaf:3.1.3.RELEASE | Refl: 59 | Proxy: 0
Dependency: jackson-databind:2.18.3 | Refl: 18 | Proxy: 0
Dependency: tomcat-embed-core:10.1.39 | Refl: 105 | Proxy: 0

============================================================
PROJECT: algorithms-api-java | DATE: 2026-04-06 13:45:22
SUMMARY: 41 deps | Refl: 588
------------------------------------------------------------
Dependency: logback-classic:1.5.18 | Refl: 97 | Proxy: 0
Dependency: jackson-databind:2.19.1 | Refl: 18 | Proxy: 0
Dependency: tomcat-embed-core:10.1.42 | Refl: 105 | Proxy: 0
Dependency: hibernate-validator:8.0.2.Final | Refl: 356 | Proxy: 0
Dependency: jboss-logging:3.6.1.Final | Refl: 12 | Proxy: 0

============================================================
PROJECT: StockWise | DATE: 2026-04-06 13:45:45
SUMMARY: 103 deps | Refl: 1551
------------------------------------------------------------
Dependency: logback-classic:1.5.16 | Refl: 97 | Proxy: 0
Dependency: jackson-databind:2.18.2 | Refl: 18 | Proxy: 0
Dependency: HdrHistogram:2.2.2 | Refl: 12 | Proxy: 0
Dependency: HikariCP:5.1.0 | Refl: 12 | Proxy: 0
Dependency: hibernate-core:6.6.8.Final | Refl: 1214 | Proxy: 0
Dependency: jboss-logging:3.6.1.Final | Refl: 12 | Proxy: 0
Dependency: thymeleaf-spring6:3.1.3.RELEASE | Refl: 4 | Proxy: 0
Dependency: thymeleaf:3.1.3.RELEASE | Refl: 59 | Proxy: 0
Dependency: tomcat-embed-core:10.1.36 | Refl: 105 | Proxy: 0
Dependency: postgresql:42.7.5 | Refl: 8 | Proxy: 0
Dependency: jaxb-runtime:4.0.5 | Refl: 10 | Proxy: 0

============================================================
PROJECT: sale-service | DATE: 2026-04-06 13:46:13
SUMMARY: 126 deps | Refl: 1963
------------------------------------------------------------
Dependency: logback-classic:1.5.11 | Refl: 97 | Proxy: 0
Dependency: jackson-databind:2.17.2 | Refl: 18 | Proxy: 0
Dependency: HdrHistogram:2.2.2 | Refl: 12 | Proxy: 0
Dependency: HikariCP:5.1.0 | Refl: 12 | Proxy: 0
Dependency: hibernate-core:6.5.3.Final | Refl: 1214 | Proxy: 0
Dependency: jboss-logging:3.5.3.Final | Refl: 12 | Proxy: 0
Dependency: jaxb-runtime:4.0.5 | Refl: 10 | Proxy: 0
Dependency: hibernate-validator:8.0.1.Final | Refl: 356 | Proxy: 0
Dependency: tomcat-embed-core:10.1.31 | Refl: 105 | Proxy: 0
Dependency: postgresql:42.7.4 | Refl: 8 | Proxy: 0
Dependency: consul-api:1.4.5 | Refl: 111 | Proxy: 0
Dependency: httpclient:4.5.14 | Refl: 1 | Proxy: 0
Dependency: commons-logging:1.2 | Refl: 7 | Proxy: 0

============================================================
PROJECT: mini-erp | DATE: 2026-04-06 13:46:33
SUMMARY: 83 deps | Refl: 1903
------------------------------------------------------------
Dependency: logback-classic:1.5.18 | Refl: 97 | Proxy: 0
Dependency: jackson-databind:2.19.2 | Refl: 18 | Proxy: 0
Dependency: HdrHistogram:2.2.2 | Refl: 12 | Proxy: 0
Dependency: HikariCP:6.3.3 | Refl: 8 | Proxy: 0
Dependency: hibernate-core:6.6.29.Final | Refl: 1214 | Proxy: 0
Dependency: jboss-logging:3.6.1.Final | Refl: 12 | Proxy: 0
Dependency: jaxb-runtime:4.0.5 | Refl: 10 | Proxy: 0
Dependency: thymeleaf-spring6:3.1.3.RELEASE | Refl: 4 | Proxy: 0
Dependency: thymeleaf:3.1.3.RELEASE | Refl: 59 | Proxy: 0
Dependency: tomcat-embed-core:10.1.46 | Refl: 105 | Proxy: 0
Dependency: postgresql:42.7.7 | Refl: 8 | Proxy: 0
Dependency: hibernate-validator:8.0.3.Final | Refl: 356 | Proxy: 0

============================================================
PROJECT: LabMQTT | DATE: 2026-04-06 13:46:34
SUMMARY: 2 deps | Refl: 0
------------------------------------------------------------
No reachability metadata found for this topology.

============================================================
PROJECT: algo-struct | DATE: 2026-04-06 13:51:49
SUMMARY: 41 deps | Refl: 283
------------------------------------------------------------
Dependency: logback-classic:1.5.18 | Refl: 97 | Proxy: 0
Dependency: thymeleaf-spring6:3.1.3.RELEASE | Refl: 4 | Proxy: 0
Dependency: thymeleaf:3.1.3.RELEASE | Refl: 59 | Proxy: 0
Dependency: jackson-databind:2.18.3 | Refl: 18 | Proxy: 0
Dependency: tomcat-embed-core:10.1.39 | Refl: 105 | Proxy: 0

============================================================
PROJECT: algorithms-api-java | DATE: 2026-04-06 13:51:57
SUMMARY: 41 deps | Refl: 588
------------------------------------------------------------
Dependency: logback-classic:1.5.18 | Refl: 97 | Proxy: 0
Dependency: jackson-databind:2.19.1 | Refl: 18 | Proxy: 0
Dependency: tomcat-embed-core:10.1.42 | Refl: 105 | Proxy: 0
Dependency: hibernate-validator:8.0.2.Final | Refl: 356 | Proxy: 0
Dependency: jboss-logging:3.6.1.Final | Refl: 12 | Proxy: 0

============================================================
PROJECT: StockWise | DATE: 2026-04-06 13:52:23
SUMMARY: 103 deps | Refl: 1551
------------------------------------------------------------
Dependency: logback-classic:1.5.16 | Refl: 97 | Proxy: 0
Dependency: jackson-databind:2.18.2 | Refl: 18 | Proxy: 0
Dependency: HdrHistogram:2.2.2 | Refl: 12 | Proxy: 0
Dependency: HikariCP:5.1.0 | Refl: 12 | Proxy: 0
Dependency: hibernate-core:6.6.8.Final | Refl: 1214 | Proxy: 0
Dependency: jboss-logging:3.6.1.Final | Refl: 12 | Proxy: 0
Dependency: thymeleaf-spring6:3.1.3.RELEASE | Refl: 4 | Proxy: 0
Dependency: thymeleaf:3.1.3.RELEASE | Refl: 59 | Proxy: 0
Dependency: tomcat-embed-core:10.1.36 | Refl: 105 | Proxy: 0
Dependency: postgresql:42.7.5 | Refl: 8 | Proxy: 0
Dependency: jaxb-runtime:4.0.5 | Refl: 10 | Proxy: 0

============================================================
PROJECT: sale-service | DATE: 2026-04-06 13:52:51
SUMMARY: 126 deps | Refl: 1963
------------------------------------------------------------
Dependency: logback-classic:1.5.11 | Refl: 97 | Proxy: 0
Dependency: jackson-databind:2.17.2 | Refl: 18 | Proxy: 0
Dependency: HdrHistogram:2.2.2 | Refl: 12 | Proxy: 0
Dependency: HikariCP:5.1.0 | Refl: 12 | Proxy: 0
Dependency: hibernate-core:6.5.3.Final | Refl: 1214 | Proxy: 0
Dependency: jboss-logging:3.5.3.Final | Refl: 12 | Proxy: 0
Dependency: jaxb-runtime:4.0.5 | Refl: 10 | Proxy: 0
Dependency: hibernate-validator:8.0.1.Final | Refl: 356 | Proxy: 0
Dependency: tomcat-embed-core:10.1.31 | Refl: 105 | Proxy: 0
Dependency: postgresql:42.7.4 | Refl: 8 | Proxy: 0
Dependency: consul-api:1.4.5 | Refl: 111 | Proxy: 0
Dependency: httpclient:4.5.14 | Refl: 1 | Proxy: 0
Dependency: commons-logging:1.2 | Refl: 7 | Proxy: 0

============================================================
PROJECT: mini-erp | DATE: 2026-04-06 13:53:10
SUMMARY: 83 deps | Refl: 1903
------------------------------------------------------------
Dependency: logback-classic:1.5.18 | Refl: 97 | Proxy: 0
Dependency: jackson-databind:2.19.2 | Refl: 18 | Proxy: 0
Dependency: HdrHistogram:2.2.2 | Refl: 12 | Proxy: 0
Dependency: HikariCP:6.3.3 | Refl: 8 | Proxy: 0
Dependency: hibernate-core:6.6.29.Final | Refl: 1214 | Proxy: 0
Dependency: jboss-logging:3.6.1.Final | Refl: 12 | Proxy: 0
Dependency: jaxb-runtime:4.0.5 | Refl: 10 | Proxy: 0
Dependency: thymeleaf-spring6:3.1.3.RELEASE | Refl: 4 | Proxy: 0
Dependency: thymeleaf:3.1.3.RELEASE | Refl: 59 | Proxy: 0
Dependency: tomcat-embed-core:10.1.46 | Refl: 105 | Proxy: 0
Dependency: postgresql:42.7.7 | Refl: 8 | Proxy: 0
Dependency: hibernate-validator:8.0.3.Final | Refl: 356 | Proxy: 0

============================================================
PROJECT: LabMQTT | DATE: 2026-04-06 13:53:11
SUMMARY: 2 deps | Refl: 0
------------------------------------------------------------
No reachability metadata found for this topology.

============================================================
PROJECT: algo-struct | DATE: 2026-04-06 13:57:01
SUMMARY: 41 deps | Refl: 283
------------------------------------------------------------
Dependency: logback-classic:1.5.18 | Refl: 97 | Proxy: 0
Dependency: thymeleaf-spring6:3.1.3.RELEASE | Refl: 4 | Proxy: 0
Dependency: thymeleaf:3.1.3.RELEASE | Refl: 59 | Proxy: 0
Dependency: jackson-databind:2.18.3 | Refl: 18 | Proxy: 0
Dependency: tomcat-embed-core:10.1.39 | Refl: 105 | Proxy: 0

============================================================
PROJECT: algorithms-api-java | DATE: 2026-04-06 13:57:09
SUMMARY: 41 deps | Refl: 588
------------------------------------------------------------
Dependency: logback-classic:1.5.18 | Refl: 97 | Proxy: 0
Dependency: jackson-databind:2.19.1 | Refl: 18 | Proxy: 0
Dependency: tomcat-embed-core:10.1.42 | Refl: 105 | Proxy: 0
Dependency: hibernate-validator:8.0.2.Final | Refl: 356 | Proxy: 0
Dependency: jboss-logging:3.6.1.Final | Refl: 12 | Proxy: 0

============================================================
PROJECT: StockWise | DATE: 2026-04-06 13:57:35
SUMMARY: 103 deps | Refl: 1551
------------------------------------------------------------
Dependency: logback-classic:1.5.16 | Refl: 97 | Proxy: 0
Dependency: jackson-databind:2.18.2 | Refl: 18 | Proxy: 0
Dependency: HdrHistogram:2.2.2 | Refl: 12 | Proxy: 0
Dependency: HikariCP:5.1.0 | Refl: 12 | Proxy: 0
Dependency: hibernate-core:6.6.8.Final | Refl: 1214 | Proxy: 0
Dependency: jboss-logging:3.6.1.Final | Refl: 12 | Proxy: 0
Dependency: thymeleaf-spring6:3.1.3.RELEASE | Refl: 4 | Proxy: 0
Dependency: thymeleaf:3.1.3.RELEASE | Refl: 59 | Proxy: 0
Dependency: tomcat-embed-core:10.1.36 | Refl: 105 | Proxy: 0
Dependency: postgresql:42.7.5 | Refl: 8 | Proxy: 0
Dependency: jaxb-runtime:4.0.5 | Refl: 10 | Proxy: 0

============================================================
PROJECT: sale-service | DATE: 2026-04-06 13:58:03
SUMMARY: 126 deps | Refl: 1963
------------------------------------------------------------
Dependency: logback-classic:1.5.11 | Refl: 97 | Proxy: 0
Dependency: jackson-databind:2.17.2 | Refl: 18 | Proxy: 0
Dependency: HdrHistogram:2.2.2 | Refl: 12 | Proxy: 0
Dependency: HikariCP:5.1.0 | Refl: 12 | Proxy: 0
Dependency: hibernate-core:6.5.3.Final | Refl: 1214 | Proxy: 0
Dependency: jboss-logging:3.5.3.Final | Refl: 12 | Proxy: 0
Dependency: jaxb-runtime:4.0.5 | Refl: 10 | Proxy: 0
Dependency: hibernate-validator:8.0.1.Final | Refl: 356 | Proxy: 0
Dependency: tomcat-embed-core:10.1.31 | Refl: 105 | Proxy: 0
Dependency: postgresql:42.7.4 | Refl: 8 | Proxy: 0
Dependency: consul-api:1.4.5 | Refl: 111 | Proxy: 0
Dependency: httpclient:4.5.14 | Refl: 1 | Proxy: 0
Dependency: commons-logging:1.2 | Refl: 7 | Proxy: 0

============================================================
PROJECT: mini-erp | DATE: 2026-04-06 13:58:22
SUMMARY: 83 deps | Refl: 1903
------------------------------------------------------------
Dependency: logback-classic:1.5.18 | Refl: 97 | Proxy: 0
Dependency: jackson-databind:2.19.2 | Refl: 18 | Proxy: 0
Dependency: HdrHistogram:2.2.2 | Refl: 12 | Proxy: 0
Dependency: HikariCP:6.3.3 | Refl: 8 | Proxy: 0
Dependency: hibernate-core:6.6.29.Final | Refl: 1214 | Proxy: 0
Dependency: jboss-logging:3.6.1.Final | Refl: 12 | Proxy: 0
Dependency: jaxb-runtime:4.0.5 | Refl: 10 | Proxy: 0
Dependency: thymeleaf-spring6:3.1.3.RELEASE | Refl: 4 | Proxy: 0
Dependency: thymeleaf:3.1.3.RELEASE | Refl: 59 | Proxy: 0
Dependency: tomcat-embed-core:10.1.46 | Refl: 105 | Proxy: 0
Dependency: postgresql:42.7.7 | Refl: 8 | Proxy: 0
Dependency: hibernate-validator:8.0.3.Final | Refl: 356 | Proxy: 0

============================================================
PROJECT: LabMQTT | DATE: 2026-04-06 13:58:23
SUMMARY: 2 deps | Refl: 0
------------------------------------------------------------
No reachability metadata found for this topology.

============================================================
PROJECT: algo-struct | DATE: 2026-04-06 14:00:49

============================================================
PROJECT: algorithms-api-java | DATE: 2026-04-06 14:00:55

============================================================
PROJECT: StockWise | DATE: 2026-04-06 14:01:20

============================================================
PROJECT: sale-service | DATE: 2026-04-06 14:01:46

============================================================
PROJECT: mini-erp | DATE: 2026-04-06 14:02:06

============================================================
PROJECT: LabMQTT | DATE: 2026-04-06 14:02:06

============================================================
PROJECT: algo-struct | DATE: 2026-04-06 14:03:29

============================================================
PROJECT: algorithms-api-java | DATE: 2026-04-06 14:03:36

============================================================
PROJECT: StockWise | DATE: 2026-04-06 14:04:00

============================================================
PROJECT: algo-struct | DATE: 2026-04-06 14:04:54
SUMMARY: 41 deps | Refl: 283
------------------------------------------------------------
Dependency: logback-classic:1.5.18 | Refl: 97 | Proxy: 0
Dependency: thymeleaf-spring6:3.1.3.RELEASE | Refl: 4 | Proxy: 0
Dependency: thymeleaf:3.1.3.RELEASE | Refl: 59 | Proxy: 0
Dependency: jackson-databind:2.18.3 | Refl: 18 | Proxy: 0
Dependency: tomcat-embed-core:10.1.39 | Refl: 105 | Proxy: 0

============================================================
PROJECT: algorithms-api-java | DATE: 2026-04-06 14:05:00
SUMMARY: 41 deps | Refl: 588
------------------------------------------------------------
Dependency: logback-classic:1.5.18 | Refl: 97 | Proxy: 0
Dependency: jackson-databind:2.19.1 | Refl: 18 | Proxy: 0
Dependency: tomcat-embed-core:10.1.42 | Refl: 105 | Proxy: 0
Dependency: hibernate-validator:8.0.2.Final | Refl: 356 | Proxy: 0
Dependency: jboss-logging:3.6.1.Final | Refl: 12 | Proxy: 0

============================================================
PROJECT: StockWise | DATE: 2026-04-06 14:05:24
SUMMARY: 103 deps | Refl: 1551
------------------------------------------------------------
Dependency: logback-classic:1.5.16 | Refl: 97 | Proxy: 0
Dependency: jackson-databind:2.18.2 | Refl: 18 | Proxy: 0
Dependency: HdrHistogram:2.2.2 | Refl: 12 | Proxy: 0
Dependency: HikariCP:5.1.0 | Refl: 12 | Proxy: 0
Dependency: hibernate-core:6.6.8.Final | Refl: 1214 | Proxy: 0
Dependency: jboss-logging:3.6.1.Final | Refl: 12 | Proxy: 0
Dependency: thymeleaf-spring6:3.1.3.RELEASE | Refl: 4 | Proxy: 0
Dependency: thymeleaf:3.1.3.RELEASE | Refl: 59 | Proxy: 0
Dependency: tomcat-embed-core:10.1.36 | Refl: 105 | Proxy: 0
Dependency: postgresql:42.7.5 | Refl: 8 | Proxy: 0
Dependency: jaxb-runtime:4.0.5 | Refl: 10 | Proxy: 0

============================================================
PROJECT: sale-service | DATE: 2026-04-06 14:05:51
SUMMARY: 126 deps | Refl: 1963
------------------------------------------------------------
Dependency: logback-classic:1.5.11 | Refl: 97 | Proxy: 0
Dependency: jackson-databind:2.17.2 | Refl: 18 | Proxy: 0
Dependency: HdrHistogram:2.2.2 | Refl: 12 | Proxy: 0
Dependency: HikariCP:5.1.0 | Refl: 12 | Proxy: 0
Dependency: hibernate-core:6.5.3.Final | Refl: 1214 | Proxy: 0
Dependency: jboss-logging:3.5.3.Final | Refl: 12 | Proxy: 0
Dependency: jaxb-runtime:4.0.5 | Refl: 10 | Proxy: 0
Dependency: hibernate-validator:8.0.1.Final | Refl: 356 | Proxy: 0
Dependency: tomcat-embed-core:10.1.31 | Refl: 105 | Proxy: 0
Dependency: postgresql:42.7.4 | Refl: 8 | Proxy: 0
Dependency: consul-api:1.4.5 | Refl: 111 | Proxy: 0
Dependency: httpclient:4.5.14 | Refl: 1 | Proxy: 0
Dependency: commons-logging:1.2 | Refl: 7 | Proxy: 0

============================================================
PROJECT: mini-erp | DATE: 2026-04-06 14:06:10
SUMMARY: 83 deps | Refl: 1903
------------------------------------------------------------
Dependency: logback-classic:1.5.18 | Refl: 97 | Proxy: 0
Dependency: jackson-databind:2.19.2 | Refl: 18 | Proxy: 0
Dependency: HdrHistogram:2.2.2 | Refl: 12 | Proxy: 0
Dependency: HikariCP:6.3.3 | Refl: 8 | Proxy: 0
Dependency: hibernate-core:6.6.29.Final | Refl: 1214 | Proxy: 0
Dependency: jboss-logging:3.6.1.Final | Refl: 12 | Proxy: 0
Dependency: jaxb-runtime:4.0.5 | Refl: 10 | Proxy: 0
Dependency: thymeleaf-spring6:3.1.3.RELEASE | Refl: 4 | Proxy: 0
Dependency: thymeleaf:3.1.3.RELEASE | Refl: 59 | Proxy: 0
Dependency: tomcat-embed-core:10.1.46 | Refl: 105 | Proxy: 0
Dependency: postgresql:42.7.7 | Refl: 8 | Proxy: 0
Dependency: hibernate-validator:8.0.3.Final | Refl: 356 | Proxy: 0

============================================================
PROJECT: LabMQTT | DATE: 2026-04-06 14:06:11
SUMMARY: 2 deps | Refl: 0
------------------------------------------------------------
No reachability metadata found for this topology.

============================================================
PROJECT: algo-struct | DATE: 2026-04-08 14:59:05
SUMMARY: 41 deps | Refl: 283
------------------------------------------------------------
Dependency: logback-classic:1.5.18 | Refl: 97 | Proxy: 0
Dependency: thymeleaf-spring6:3.1.3.RELEASE | Refl: 4 | Proxy: 0
Dependency: thymeleaf:3.1.3.RELEASE | Refl: 59 | Proxy: 0
Dependency: jackson-databind:2.18.3 | Refl: 18 | Proxy: 0
Dependency: tomcat-embed-core:10.1.39 | Refl: 105 | Proxy: 0

============================================================
PROJECT: algorithms-api-java | DATE: 2026-04-08 14:59:12
SUMMARY: 41 deps | Refl: 588
------------------------------------------------------------
Dependency: logback-classic:1.5.18 | Refl: 97 | Proxy: 0
Dependency: jackson-databind:2.19.1 | Refl: 18 | Proxy: 0
Dependency: tomcat-embed-core:10.1.42 | Refl: 105 | Proxy: 0
Dependency: hibernate-validator:8.0.2.Final | Refl: 356 | Proxy: 0
Dependency: jboss-logging:3.6.1.Final | Refl: 12 | Proxy: 0

============================================================
PROJECT: StockWise | DATE: 2026-04-08 14:59:35
SUMMARY: 103 deps | Refl: 1551
------------------------------------------------------------
Dependency: logback-classic:1.5.16 | Refl: 97 | Proxy: 0
Dependency: jackson-databind:2.18.2 | Refl: 18 | Proxy: 0
Dependency: HdrHistogram:2.2.2 | Refl: 12 | Proxy: 0
Dependency: HikariCP:5.1.0 | Refl: 12 | Proxy: 0
Dependency: hibernate-core:6.6.8.Final | Refl: 1214 | Proxy: 0
Dependency: jboss-logging:3.6.1.Final | Refl: 12 | Proxy: 0
Dependency: thymeleaf-spring6:3.1.3.RELEASE | Refl: 4 | Proxy: 0
Dependency: thymeleaf:3.1.3.RELEASE | Refl: 59 | Proxy: 0
Dependency: tomcat-embed-core:10.1.36 | Refl: 105 | Proxy: 0
Dependency: postgresql:42.7.5 | Refl: 8 | Proxy: 0
Dependency: jaxb-runtime:4.0.5 | Refl: 10 | Proxy: 0

============================================================
PROJECT: sale-service | DATE: 2026-04-08 15:00:00
SUMMARY: 126 deps | Refl: 1963
------------------------------------------------------------
Dependency: logback-classic:1.5.11 | Refl: 97 | Proxy: 0
Dependency: jackson-databind:2.17.2 | Refl: 18 | Proxy: 0
Dependency: HdrHistogram:2.2.2 | Refl: 12 | Proxy: 0
Dependency: HikariCP:5.1.0 | Refl: 12 | Proxy: 0
Dependency: hibernate-core:6.5.3.Final | Refl: 1214 | Proxy: 0
Dependency: jboss-logging:3.5.3.Final | Refl: 12 | Proxy: 0
Dependency: jaxb-runtime:4.0.5 | Refl: 10 | Proxy: 0
Dependency: hibernate-validator:8.0.1.Final | Refl: 356 | Proxy: 0
Dependency: tomcat-embed-core:10.1.31 | Refl: 105 | Proxy: 0
Dependency: postgresql:42.7.4 | Refl: 8 | Proxy: 0
Dependency: consul-api:1.4.5 | Refl: 111 | Proxy: 0
Dependency: httpclient:4.5.14 | Refl: 1 | Proxy: 0
Dependency: commons-logging:1.2 | Refl: 7 | Proxy: 0

============================================================
PROJECT: mini-erp | DATE: 2026-04-08 15:00:17
SUMMARY: 83 deps | Refl: 1903
------------------------------------------------------------
Dependency: logback-classic:1.5.18 | Refl: 97 | Proxy: 0
Dependency: jackson-databind:2.19.2 | Refl: 18 | Proxy: 0
Dependency: HdrHistogram:2.2.2 | Refl: 12 | Proxy: 0
Dependency: HikariCP:6.3.3 | Refl: 8 | Proxy: 0
Dependency: hibernate-core:6.6.29.Final | Refl: 1214 | Proxy: 0
Dependency: jboss-logging:3.6.1.Final | Refl: 12 | Proxy: 0
Dependency: jaxb-runtime:4.0.5 | Refl: 10 | Proxy: 0
Dependency: thymeleaf-spring6:3.1.3.RELEASE | Refl: 4 | Proxy: 0
Dependency: thymeleaf:3.1.3.RELEASE | Refl: 59 | Proxy: 0
Dependency: tomcat-embed-core:10.1.46 | Refl: 105 | Proxy: 0
Dependency: postgresql:42.7.7 | Refl: 8 | Proxy: 0
Dependency: hibernate-validator:8.0.3.Final | Refl: 356 | Proxy: 0

============================================================
PROJECT: LabMQTT | DATE: 2026-04-08 15:00:17
SUMMARY: 2 deps | Refl: 0
------------------------------------------------------------
No reachability metadata found for this topology.

============================================================
PROJECT: algo-struct | DATE: 2026-04-08 15:02:40
SUMMARY: 41 deps | Refl: 283
------------------------------------------------------------
Dependency: logback-classic:1.5.18 | Refl: 97 | Proxy: 0
Dependency: thymeleaf-spring6:3.1.3.RELEASE | Refl: 4 | Proxy: 0
Dependency: thymeleaf:3.1.3.RELEASE | Refl: 59 | Proxy: 0
Dependency: jackson-databind:2.18.3 | Refl: 18 | Proxy: 0
Dependency: tomcat-embed-core:10.1.39 | Refl: 105 | Proxy: 0

============================================================
PROJECT: algorithms-api-java | DATE: 2026-04-08 15:02:46
SUMMARY: 41 deps | Refl: 588
------------------------------------------------------------
Dependency: logback-classic:1.5.18 | Refl: 97 | Proxy: 0
Dependency: jackson-databind:2.19.1 | Refl: 18 | Proxy: 0
Dependency: tomcat-embed-core:10.1.42 | Refl: 105 | Proxy: 0
Dependency: hibernate-validator:8.0.2.Final | Refl: 356 | Proxy: 0
Dependency: jboss-logging:3.6.1.Final | Refl: 12 | Proxy: 0

============================================================
PROJECT: StockWise | DATE: 2026-04-08 15:03:06
SUMMARY: 103 deps | Refl: 1551
------------------------------------------------------------
Dependency: logback-classic:1.5.16 | Refl: 97 | Proxy: 0
Dependency: jackson-databind:2.18.2 | Refl: 18 | Proxy: 0
Dependency: HdrHistogram:2.2.2 | Refl: 12 | Proxy: 0
Dependency: HikariCP:5.1.0 | Refl: 12 | Proxy: 0
Dependency: hibernate-core:6.6.8.Final | Refl: 1214 | Proxy: 0
Dependency: jboss-logging:3.6.1.Final | Refl: 12 | Proxy: 0
Dependency: thymeleaf-spring6:3.1.3.RELEASE | Refl: 4 | Proxy: 0
Dependency: thymeleaf:3.1.3.RELEASE | Refl: 59 | Proxy: 0
Dependency: tomcat-embed-core:10.1.36 | Refl: 105 | Proxy: 0
Dependency: postgresql:42.7.5 | Refl: 8 | Proxy: 0
Dependency: jaxb-runtime:4.0.5 | Refl: 10 | Proxy: 0

============================================================
PROJECT: sale-service | DATE: 2026-04-08 15:03:29
SUMMARY: 126 deps | Refl: 1963
------------------------------------------------------------
Dependency: logback-classic:1.5.11 | Refl: 97 | Proxy: 0
Dependency: jackson-databind:2.17.2 | Refl: 18 | Proxy: 0
Dependency: HdrHistogram:2.2.2 | Refl: 12 | Proxy: 0
Dependency: HikariCP:5.1.0 | Refl: 12 | Proxy: 0
Dependency: hibernate-core:6.5.3.Final | Refl: 1214 | Proxy: 0
Dependency: jboss-logging:3.5.3.Final | Refl: 12 | Proxy: 0
Dependency: jaxb-runtime:4.0.5 | Refl: 10 | Proxy: 0
Dependency: hibernate-validator:8.0.1.Final | Refl: 356 | Proxy: 0
Dependency: tomcat-embed-core:10.1.31 | Refl: 105 | Proxy: 0
Dependency: postgresql:42.7.4 | Refl: 8 | Proxy: 0
Dependency: consul-api:1.4.5 | Refl: 111 | Proxy: 0
Dependency: httpclient:4.5.14 | Refl: 1 | Proxy: 0
Dependency: commons-logging:1.2 | Refl: 7 | Proxy: 0

============================================================
PROJECT: mini-erp | DATE: 2026-04-08 15:03:42
SUMMARY: 83 deps | Refl: 1903
------------------------------------------------------------
Dependency: logback-classic:1.5.18 | Refl: 97 | Proxy: 0
Dependency: jackson-databind:2.19.2 | Refl: 18 | Proxy: 0
Dependency: HdrHistogram:2.2.2 | Refl: 12 | Proxy: 0
Dependency: HikariCP:6.3.3 | Refl: 8 | Proxy: 0
Dependency: hibernate-core:6.6.29.Final | Refl: 1214 | Proxy: 0
Dependency: jboss-logging:3.6.1.Final | Refl: 12 | Proxy: 0
Dependency: jaxb-runtime:4.0.5 | Refl: 10 | Proxy: 0
Dependency: thymeleaf-spring6:3.1.3.RELEASE | Refl: 4 | Proxy: 0
Dependency: thymeleaf:3.1.3.RELEASE | Refl: 59 | Proxy: 0
Dependency: tomcat-embed-core:10.1.46 | Refl: 105 | Proxy: 0
Dependency: postgresql:42.7.7 | Refl: 8 | Proxy: 0
Dependency: hibernate-validator:8.0.3.Final | Refl: 356 | Proxy: 0

============================================================
PROJECT: LabMQTT | DATE: 2026-04-08 15:03:43
SUMMARY: 2 deps | Refl: 0
------------------------------------------------------------
No reachability metadata found for this topology.

============================================================
PROJECT: algo-struct | DATE: 2026-04-08 16:40:36
SUMMARY: 41 deps | Refl: 283
------------------------------------------------------------
Dependency: logback-classic:1.5.18 | Refl: 97 | Proxy: 0
Dependency: thymeleaf-spring6:3.1.3.RELEASE | Refl: 4 | Proxy: 0
Dependency: thymeleaf:3.1.3.RELEASE | Refl: 59 | Proxy: 0
Dependency: jackson-databind:2.18.3 | Refl: 18 | Proxy: 0
Dependency: tomcat-embed-core:10.1.39 | Refl: 105 | Proxy: 0

============================================================
PROJECT: algorithms-api-java | DATE: 2026-04-08 16:40:43
SUMMARY: 41 deps | Refl: 588
------------------------------------------------------------
Dependency: logback-classic:1.5.18 | Refl: 97 | Proxy: 0
Dependency: jackson-databind:2.19.1 | Refl: 18 | Proxy: 0
Dependency: tomcat-embed-core:10.1.42 | Refl: 105 | Proxy: 0
Dependency: hibernate-validator:8.0.2.Final | Refl: 356 | Proxy: 0
Dependency: jboss-logging:3.6.1.Final | Refl: 12 | Proxy: 0

============================================================
PROJECT: StockWise | DATE: 2026-04-08 16:41:07
SUMMARY: 103 deps | Refl: 1551
------------------------------------------------------------
Dependency: logback-classic:1.5.16 | Refl: 97 | Proxy: 0
Dependency: jackson-databind:2.18.2 | Refl: 18 | Proxy: 0
Dependency: HdrHistogram:2.2.2 | Refl: 12 | Proxy: 0
Dependency: HikariCP:5.1.0 | Refl: 12 | Proxy: 0
Dependency: hibernate-core:6.6.8.Final | Refl: 1214 | Proxy: 0
Dependency: jboss-logging:3.6.1.Final | Refl: 12 | Proxy: 0
Dependency: thymeleaf-spring6:3.1.3.RELEASE | Refl: 4 | Proxy: 0
Dependency: thymeleaf:3.1.3.RELEASE | Refl: 59 | Proxy: 0
Dependency: tomcat-embed-core:10.1.36 | Refl: 105 | Proxy: 0
Dependency: postgresql:42.7.5 | Refl: 8 | Proxy: 0
Dependency: jaxb-runtime:4.0.5 | Refl: 10 | Proxy: 0

============================================================
PROJECT: sale-service | DATE: 2026-04-08 16:41:33
SUMMARY: 126 deps | Refl: 1963
------------------------------------------------------------
Dependency: logback-classic:1.5.11 | Refl: 97 | Proxy: 0
Dependency: jackson-databind:2.17.2 | Refl: 18 | Proxy: 0
Dependency: HdrHistogram:2.2.2 | Refl: 12 | Proxy: 0
Dependency: HikariCP:5.1.0 | Refl: 12 | Proxy: 0
Dependency: hibernate-core:6.5.3.Final | Refl: 1214 | Proxy: 0
Dependency: jboss-logging:3.5.3.Final | Refl: 12 | Proxy: 0
Dependency: jaxb-runtime:4.0.5 | Refl: 10 | Proxy: 0
Dependency: hibernate-validator:8.0.1.Final | Refl: 356 | Proxy: 0
Dependency: tomcat-embed-core:10.1.31 | Refl: 105 | Proxy: 0
Dependency: postgresql:42.7.4 | Refl: 8 | Proxy: 0
Dependency: consul-api:1.4.5 | Refl: 111 | Proxy: 0
Dependency: httpclient:4.5.14 | Refl: 1 | Proxy: 0
Dependency: commons-logging:1.2 | Refl: 7 | Proxy: 0

============================================================
PROJECT: mini-erp | DATE: 2026-04-08 16:41:51
SUMMARY: 83 deps | Refl: 1903
------------------------------------------------------------
Dependency: logback-classic:1.5.18 | Refl: 97 | Proxy: 0
Dependency: jackson-databind:2.19.2 | Refl: 18 | Proxy: 0
Dependency: HdrHistogram:2.2.2 | Refl: 12 | Proxy: 0
Dependency: HikariCP:6.3.3 | Refl: 8 | Proxy: 0
Dependency: hibernate-core:6.6.29.Final | Refl: 1214 | Proxy: 0
Dependency: jboss-logging:3.6.1.Final | Refl: 12 | Proxy: 0
Dependency: jaxb-runtime:4.0.5 | Refl: 10 | Proxy: 0
Dependency: thymeleaf-spring6:3.1.3.RELEASE | Refl: 4 | Proxy: 0
Dependency: thymeleaf:3.1.3.RELEASE | Refl: 59 | Proxy: 0
Dependency: tomcat-embed-core:10.1.46 | Refl: 105 | Proxy: 0
Dependency: postgresql:42.7.7 | Refl: 8 | Proxy: 0
Dependency: hibernate-validator:8.0.3.Final | Refl: 356 | Proxy: 0

============================================================
PROJECT: LabMQTT | DATE: 2026-04-08 16:41:51
SUMMARY: 2 deps | Refl: 0
------------------------------------------------------------
No reachability metadata found for this topology.

============================================================
PROJECT: algo-struct | DATE: 2026-04-08 16:43:20
SUMMARY: 41 deps | Refl: 283
------------------------------------------------------------
Dependency: logback-classic:1.5.18 | Refl: 97 | Proxy: 0
Dependency: thymeleaf-spring6:3.1.3.RELEASE | Refl: 4 | Proxy: 0
Dependency: thymeleaf:3.1.3.RELEASE | Refl: 59 | Proxy: 0
Dependency: jackson-databind:2.18.3 | Refl: 18 | Proxy: 0
Dependency: tomcat-embed-core:10.1.39 | Refl: 105 | Proxy: 0

============================================================
PROJECT: algorithms-api-java | DATE: 2026-04-08 16:43:27
SUMMARY: 41 deps | Refl: 588
------------------------------------------------------------
Dependency: logback-classic:1.5.18 | Refl: 97 | Proxy: 0
Dependency: jackson-databind:2.19.1 | Refl: 18 | Proxy: 0
Dependency: tomcat-embed-core:10.1.42 | Refl: 105 | Proxy: 0
Dependency: hibernate-validator:8.0.2.Final | Refl: 356 | Proxy: 0
Dependency: jboss-logging:3.6.1.Final | Refl: 12 | Proxy: 0

============================================================
PROJECT: StockWise | DATE: 2026-04-08 16:43:49
SUMMARY: 103 deps | Refl: 1551
------------------------------------------------------------
Dependency: logback-classic:1.5.16 | Refl: 97 | Proxy: 0
Dependency: jackson-databind:2.18.2 | Refl: 18 | Proxy: 0
Dependency: HdrHistogram:2.2.2 | Refl: 12 | Proxy: 0
Dependency: HikariCP:5.1.0 | Refl: 12 | Proxy: 0
Dependency: hibernate-core:6.6.8.Final | Refl: 1214 | Proxy: 0
Dependency: jboss-logging:3.6.1.Final | Refl: 12 | Proxy: 0
Dependency: thymeleaf-spring6:3.1.3.RELEASE | Refl: 4 | Proxy: 0
Dependency: thymeleaf:3.1.3.RELEASE | Refl: 59 | Proxy: 0
Dependency: tomcat-embed-core:10.1.36 | Refl: 105 | Proxy: 0
Dependency: postgresql:42.7.5 | Refl: 8 | Proxy: 0
Dependency: jaxb-runtime:4.0.5 | Refl: 10 | Proxy: 0

============================================================
PROJECT: sale-service | DATE: 2026-04-08 16:44:13
SUMMARY: 126 deps | Refl: 1963
------------------------------------------------------------
Dependency: logback-classic:1.5.11 | Refl: 97 | Proxy: 0
Dependency: jackson-databind:2.17.2 | Refl: 18 | Proxy: 0
Dependency: HdrHistogram:2.2.2 | Refl: 12 | Proxy: 0
Dependency: HikariCP:5.1.0 | Refl: 12 | Proxy: 0
Dependency: hibernate-core:6.5.3.Final | Refl: 1214 | Proxy: 0
Dependency: jboss-logging:3.5.3.Final | Refl: 12 | Proxy: 0
Dependency: jaxb-runtime:4.0.5 | Refl: 10 | Proxy: 0
Dependency: hibernate-validator:8.0.1.Final | Refl: 356 | Proxy: 0
Dependency: tomcat-embed-core:10.1.31 | Refl: 105 | Proxy: 0
Dependency: postgresql:42.7.4 | Refl: 8 | Proxy: 0
Dependency: consul-api:1.4.5 | Refl: 111 | Proxy: 0
Dependency: httpclient:4.5.14 | Refl: 1 | Proxy: 0
Dependency: commons-logging:1.2 | Refl: 7 | Proxy: 0

============================================================
PROJECT: mini-erp | DATE: 2026-04-08 16:44:32
SUMMARY: 83 deps | Refl: 1903
------------------------------------------------------------
Dependency: logback-classic:1.5.18 | Refl: 97 | Proxy: 0
Dependency: jackson-databind:2.19.2 | Refl: 18 | Proxy: 0
Dependency: HdrHistogram:2.2.2 | Refl: 12 | Proxy: 0
Dependency: HikariCP:6.3.3 | Refl: 8 | Proxy: 0
Dependency: hibernate-core:6.6.29.Final | Refl: 1214 | Proxy: 0
Dependency: jboss-logging:3.6.1.Final | Refl: 12 | Proxy: 0
Dependency: jaxb-runtime:4.0.5 | Refl: 10 | Proxy: 0
Dependency: thymeleaf-spring6:3.1.3.RELEASE | Refl: 4 | Proxy: 0
Dependency: thymeleaf:3.1.3.RELEASE | Refl: 59 | Proxy: 0
Dependency: tomcat-embed-core:10.1.46 | Refl: 105 | Proxy: 0
Dependency: postgresql:42.7.7 | Refl: 8 | Proxy: 0
Dependency: hibernate-validator:8.0.3.Final | Refl: 356 | Proxy: 0

============================================================
PROJECT: LabMQTT | DATE: 2026-04-08 16:44:33
SUMMARY: 2 deps | Refl: 0
------------------------------------------------------------
No reachability metadata found for this topology.

============================================================
PROJECT: algo-struct | DATE: 2026-04-09 14:52:37
SUMMARY: 41 deps | CMV: 283
------------------------------------------------------------
Dependency: logback-classic:1.5.18 | Refl: 97 | Proxy: 0
Dependency: thymeleaf-spring6:3.1.3.RELEASE | Refl: 4 | Proxy: 0
Dependency: thymeleaf:3.1.3.RELEASE | Refl: 59 | Proxy: 0
Dependency: jackson-databind:2.18.3 | Refl: 18 | Proxy: 0
Dependency: tomcat-embed-core:10.1.39 | Refl: 105 | Proxy: 0

============================================================
PROJECT: algorithms-api-java | DATE: 2026-04-09 14:52:43
SUMMARY: 41 deps | CMV: 588
------------------------------------------------------------
Dependency: logback-classic:1.5.18 | Refl: 97 | Proxy: 0
Dependency: jackson-databind:2.19.1 | Refl: 18 | Proxy: 0
Dependency: tomcat-embed-core:10.1.42 | Refl: 105 | Proxy: 0
Dependency: hibernate-validator:8.0.2.Final | Refl: 356 | Proxy: 0
Dependency: jboss-logging:3.6.1.Final | Refl: 12 | Proxy: 0

============================================================
PROJECT: StockWise | DATE: 2026-04-09 14:53:08
SUMMARY: 103 deps | CMV: 1551
------------------------------------------------------------
Dependency: logback-classic:1.5.16 | Refl: 97 | Proxy: 0
Dependency: jackson-databind:2.18.2 | Refl: 18 | Proxy: 0
Dependency: HdrHistogram:2.2.2 | Refl: 12 | Proxy: 0
Dependency: HikariCP:5.1.0 | Refl: 12 | Proxy: 0
Dependency: hibernate-core:6.6.8.Final | Refl: 1214 | Proxy: 0
Dependency: jboss-logging:3.6.1.Final | Refl: 12 | Proxy: 0
Dependency: thymeleaf-spring6:3.1.3.RELEASE | Refl: 4 | Proxy: 0
Dependency: thymeleaf:3.1.3.RELEASE | Refl: 59 | Proxy: 0
Dependency: tomcat-embed-core:10.1.36 | Refl: 105 | Proxy: 0
Dependency: postgresql:42.7.5 | Refl: 8 | Proxy: 0
Dependency: jaxb-runtime:4.0.5 | Refl: 10 | Proxy: 0

============================================================
PROJECT: sale-service | DATE: 2026-04-09 14:53:39
SUMMARY: 126 deps | CMV: 1963
------------------------------------------------------------
Dependency: logback-classic:1.5.11 | Refl: 97 | Proxy: 0
Dependency: jackson-databind:2.17.2 | Refl: 18 | Proxy: 0
Dependency: HdrHistogram:2.2.2 | Refl: 12 | Proxy: 0
Dependency: HikariCP:5.1.0 | Refl: 12 | Proxy: 0
Dependency: hibernate-core:6.5.3.Final | Refl: 1214 | Proxy: 0
Dependency: jboss-logging:3.5.3.Final | Refl: 12 | Proxy: 0
Dependency: jaxb-runtime:4.0.5 | Refl: 10 | Proxy: 0
Dependency: hibernate-validator:8.0.1.Final | Refl: 356 | Proxy: 0
Dependency: tomcat-embed-core:10.1.31 | Refl: 105 | Proxy: 0
Dependency: postgresql:42.7.4 | Refl: 8 | Proxy: 0
Dependency: consul-api:1.4.5 | Refl: 111 | Proxy: 0
Dependency: httpclient:4.5.14 | Refl: 1 | Proxy: 0
Dependency: commons-logging:1.2 | Refl: 7 | Proxy: 0

============================================================
PROJECT: mini-erp | DATE: 2026-04-09 14:53:52
SUMMARY: 83 deps | CMV: 1903
------------------------------------------------------------
Dependency: logback-classic:1.5.18 | Refl: 97 | Proxy: 0
Dependency: jackson-databind:2.19.2 | Refl: 18 | Proxy: 0
Dependency: HdrHistogram:2.2.2 | Refl: 12 | Proxy: 0
Dependency: HikariCP:6.3.3 | Refl: 8 | Proxy: 0
Dependency: hibernate-core:6.6.29.Final | Refl: 1214 | Proxy: 0
Dependency: jboss-logging:3.6.1.Final | Refl: 12 | Proxy: 0
Dependency: jaxb-runtime:4.0.5 | Refl: 10 | Proxy: 0
Dependency: thymeleaf-spring6:3.1.3.RELEASE | Refl: 4 | Proxy: 0
Dependency: thymeleaf:3.1.3.RELEASE | Refl: 59 | Proxy: 0
Dependency: tomcat-embed-core:10.1.46 | Refl: 105 | Proxy: 0
Dependency: postgresql:42.7.7 | Refl: 8 | Proxy: 0
Dependency: hibernate-validator:8.0.3.Final | Refl: 356 | Proxy: 0

============================================================
PROJECT: LabMQTT | DATE: 2026-04-09 14:53:53
SUMMARY: 2 deps | CMV: 0
------------------------------------------------------------
No reachability metadata found for this topology.

============================================================
PROJECT: algo-struct | DATE: 2026-04-09 15:17:28
SUMMARY: 41 deps | CMV: 283
------------------------------------------------------------
Dependency: logback-classic:1.5.18 | Refl: 97 | Proxy: 0
Dependency: thymeleaf-spring6:3.1.3.RELEASE | Refl: 4 | Proxy: 0
Dependency: thymeleaf:3.1.3.RELEASE | Refl: 59 | Proxy: 0
Dependency: jackson-databind:2.18.3 | Refl: 18 | Proxy: 0
Dependency: tomcat-embed-core:10.1.39 | Refl: 105 | Proxy: 0

============================================================
PROJECT: algo-struct | DATE: 2026-04-09 15:33:52
SUMMARY: 41 deps | CMV: 283
------------------------------------------------------------
Dependency: logback-classic:1.5.18 | Refl: 97 | Proxy: 0
Dependency: thymeleaf-spring6:3.1.3.RELEASE | Refl: 4 | Proxy: 0
Dependency: thymeleaf:3.1.3.RELEASE | Refl: 59 | Proxy: 0
Dependency: jackson-databind:2.18.3 | Refl: 18 | Proxy: 0
Dependency: tomcat-embed-core:10.1.39 | Refl: 105 | Proxy: 0

============================================================
PROJECT: algorithms-api-java | DATE: 2026-04-09 15:33:59
SUMMARY: 41 deps | CMV: 588
------------------------------------------------------------
Dependency: logback-classic:1.5.18 | Refl: 97 | Proxy: 0
Dependency: jackson-databind:2.19.1 | Refl: 18 | Proxy: 0
Dependency: tomcat-embed-core:10.1.42 | Refl: 105 | Proxy: 0
Dependency: hibernate-validator:8.0.2.Final | Refl: 356 | Proxy: 0
Dependency: jboss-logging:3.6.1.Final | Refl: 12 | Proxy: 0

============================================================
PROJECT: algo-struct | DATE: 2026-04-09 15:34:54
SUMMARY: 41 deps | CMV: 283
------------------------------------------------------------
Dependency: logback-classic:1.5.18 | Refl: 97 | Proxy: 0
Dependency: thymeleaf-spring6:3.1.3.RELEASE | Refl: 4 | Proxy: 0
Dependency: thymeleaf:3.1.3.RELEASE | Refl: 59 | Proxy: 0
Dependency: jackson-databind:2.18.3 | Refl: 18 | Proxy: 0
Dependency: tomcat-embed-core:10.1.39 | Refl: 105 | Proxy: 0

============================================================
PROJECT: algorithms-api-java | DATE: 2026-04-09 15:35:00
SUMMARY: 41 deps | CMV: 588
------------------------------------------------------------
Dependency: logback-classic:1.5.18 | Refl: 97 | Proxy: 0
Dependency: jackson-databind:2.19.1 | Refl: 18 | Proxy: 0
Dependency: tomcat-embed-core:10.1.42 | Refl: 105 | Proxy: 0
Dependency: hibernate-validator:8.0.2.Final | Refl: 356 | Proxy: 0
Dependency: jboss-logging:3.6.1.Final | Refl: 12 | Proxy: 0

============================================================
PROJECT: algo-struct | DATE: 2026-04-09 15:35:18
SUMMARY: 41 deps | CMV: 283
------------------------------------------------------------
Dependency: logback-classic:1.5.18 | Refl: 97 | Proxy: 0
Dependency: thymeleaf-spring6:3.1.3.RELEASE | Refl: 4 | Proxy: 0
Dependency: thymeleaf:3.1.3.RELEASE | Refl: 59 | Proxy: 0
Dependency: jackson-databind:2.18.3 | Refl: 18 | Proxy: 0
Dependency: tomcat-embed-core:10.1.39 | Refl: 105 | Proxy: 0

============================================================
PROJECT: algo-struct | DATE: 2026-04-09 15:36:21
SUMMARY: 41 deps | CMV: 283
------------------------------------------------------------
Dependency: logback-classic:1.5.18 | Refl: 97 | Proxy: 0
Dependency: thymeleaf-spring6:3.1.3.RELEASE | Refl: 4 | Proxy: 0
Dependency: thymeleaf:3.1.3.RELEASE | Refl: 59 | Proxy: 0
Dependency: jackson-databind:2.18.3 | Refl: 18 | Proxy: 0
Dependency: tomcat-embed-core:10.1.39 | Refl: 105 | Proxy: 0

============================================================
PROJECT: algo-struct | DATE: 2026-04-09 15:37:23
SUMMARY: 41 deps | CMV: 283
------------------------------------------------------------
Dependency: logback-classic:1.5.18 | Refl: 97 | Proxy: 0
Dependency: thymeleaf-spring6:3.1.3.RELEASE | Refl: 4 | Proxy: 0
Dependency: thymeleaf:3.1.3.RELEASE | Refl: 59 | Proxy: 0
Dependency: jackson-databind:2.18.3 | Refl: 18 | Proxy: 0
Dependency: tomcat-embed-core:10.1.39 | Refl: 105 | Proxy: 0

============================================================
PROJECT: algorithms-api-java | DATE: 2026-04-09 15:37:29
SUMMARY: 41 deps | CMV: 588
------------------------------------------------------------
Dependency: logback-classic:1.5.18 | Refl: 97 | Proxy: 0
Dependency: jackson-databind:2.19.1 | Refl: 18 | Proxy: 0
Dependency: tomcat-embed-core:10.1.42 | Refl: 105 | Proxy: 0
Dependency: hibernate-validator:8.0.2.Final | Refl: 356 | Proxy: 0
Dependency: jboss-logging:3.6.1.Final | Refl: 12 | Proxy: 0

============================================================
PROJECT: algo-struct | DATE: 2026-04-09 15:37:56
SUMMARY: 41 deps | CMV: 283
------------------------------------------------------------
Dependency: logback-classic:1.5.18 | Refl: 97 | Proxy: 0
Dependency: thymeleaf-spring6:3.1.3.RELEASE | Refl: 4 | Proxy: 0
Dependency: thymeleaf:3.1.3.RELEASE | Refl: 59 | Proxy: 0
Dependency: jackson-databind:2.18.3 | Refl: 18 | Proxy: 0
Dependency: tomcat-embed-core:10.1.39 | Refl: 105 | Proxy: 0

============================================================
PROJECT: algo-struct | DATE: 2026-04-09 15:38:44
SUMMARY: 41 deps | CMV: 283
------------------------------------------------------------
Dependency: logback-classic:1.5.18 | Refl: 97 | Proxy: 0
Dependency: thymeleaf-spring6:3.1.3.RELEASE | Refl: 4 | Proxy: 0
Dependency: thymeleaf:3.1.3.RELEASE | Refl: 59 | Proxy: 0
Dependency: jackson-databind:2.18.3 | Refl: 18 | Proxy: 0
Dependency: tomcat-embed-core:10.1.39 | Refl: 105 | Proxy: 0

============================================================
PROJECT: algorithms-api-java | DATE: 2026-04-09 15:38:51
SUMMARY: 41 deps | CMV: 588
------------------------------------------------------------
Dependency: logback-classic:1.5.18 | Refl: 97 | Proxy: 0
Dependency: jackson-databind:2.19.1 | Refl: 18 | Proxy: 0
Dependency: tomcat-embed-core:10.1.42 | Refl: 105 | Proxy: 0
Dependency: hibernate-validator:8.0.2.Final | Refl: 356 | Proxy: 0
Dependency: jboss-logging:3.6.1.Final | Refl: 12 | Proxy: 0

============================================================
PROJECT: StockWise | DATE: 2026-04-09 15:39:17
SUMMARY: 103 deps | CMV: 1551
------------------------------------------------------------
Dependency: logback-classic:1.5.16 | Refl: 97 | Proxy: 0
Dependency: jackson-databind:2.18.2 | Refl: 18 | Proxy: 0
Dependency: HdrHistogram:2.2.2 | Refl: 12 | Proxy: 0
Dependency: HikariCP:5.1.0 | Refl: 12 | Proxy: 0
Dependency: hibernate-core:6.6.8.Final | Refl: 1214 | Proxy: 0
Dependency: jboss-logging:3.6.1.Final | Refl: 12 | Proxy: 0
Dependency: thymeleaf-spring6:3.1.3.RELEASE | Refl: 4 | Proxy: 0
Dependency: thymeleaf:3.1.3.RELEASE | Refl: 59 | Proxy: 0
Dependency: tomcat-embed-core:10.1.36 | Refl: 105 | Proxy: 0
Dependency: postgresql:42.7.5 | Refl: 8 | Proxy: 0
Dependency: jaxb-runtime:4.0.5 | Refl: 10 | Proxy: 0

============================================================
PROJECT: sale-service | DATE: 2026-04-09 15:39:44
SUMMARY: 126 deps | CMV: 1963
------------------------------------------------------------
Dependency: logback-classic:1.5.11 | Refl: 97 | Proxy: 0
Dependency: jackson-databind:2.17.2 | Refl: 18 | Proxy: 0
Dependency: HdrHistogram:2.2.2 | Refl: 12 | Proxy: 0
Dependency: HikariCP:5.1.0 | Refl: 12 | Proxy: 0
Dependency: hibernate-core:6.5.3.Final | Refl: 1214 | Proxy: 0
Dependency: jboss-logging:3.5.3.Final | Refl: 12 | Proxy: 0
Dependency: jaxb-runtime:4.0.5 | Refl: 10 | Proxy: 0
Dependency: hibernate-validator:8.0.1.Final | Refl: 356 | Proxy: 0
Dependency: tomcat-embed-core:10.1.31 | Refl: 105 | Proxy: 0
Dependency: postgresql:42.7.4 | Refl: 8 | Proxy: 0
Dependency: consul-api:1.4.5 | Refl: 111 | Proxy: 0
Dependency: httpclient:4.5.14 | Refl: 1 | Proxy: 0
Dependency: commons-logging:1.2 | Refl: 7 | Proxy: 0

============================================================
PROJECT: mini-erp | DATE: 2026-04-09 15:40:02
SUMMARY: 83 deps | CMV: 1903
------------------------------------------------------------
Dependency: logback-classic:1.5.18 | Refl: 97 | Proxy: 0
Dependency: jackson-databind:2.19.2 | Refl: 18 | Proxy: 0
Dependency: HdrHistogram:2.2.2 | Refl: 12 | Proxy: 0
Dependency: HikariCP:6.3.3 | Refl: 8 | Proxy: 0
Dependency: hibernate-core:6.6.29.Final | Refl: 1214 | Proxy: 0
Dependency: jboss-logging:3.6.1.Final | Refl: 12 | Proxy: 0
Dependency: jaxb-runtime:4.0.5 | Refl: 10 | Proxy: 0
Dependency: thymeleaf-spring6:3.1.3.RELEASE | Refl: 4 | Proxy: 0
Dependency: thymeleaf:3.1.3.RELEASE | Refl: 59 | Proxy: 0
Dependency: tomcat-embed-core:10.1.46 | Refl: 105 | Proxy: 0
Dependency: postgresql:42.7.7 | Refl: 8 | Proxy: 0
Dependency: hibernate-validator:8.0.3.Final | Refl: 356 | Proxy: 0

============================================================
PROJECT: LabMQTT | DATE: 2026-04-09 15:40:02
SUMMARY: 2 deps | CMV: 0
------------------------------------------------------------
No reachability metadata found for this topology.

============================================================
PROJECT: task-manager | DATE: 2026-04-09 15:40:16
SUMMARY: 77 deps | CMV: 1476
------------------------------------------------------------
Dependency: HikariCP:5.1.0 | Refl: 12 | Proxy: 0
Dependency: hibernate-core:6.5.3.Final | Refl: 1214 | Proxy: 0
Dependency: jboss-logging:3.5.3.Final | Refl: 12 | Proxy: 0
Dependency: jaxb-runtime:4.0.5 | Refl: 10 | Proxy: 0
Dependency: logback-classic:1.5.11 | Refl: 97 | Proxy: 0
Dependency: tomcat-embed-core:10.1.31 | Refl: 105 | Proxy: 0
Dependency: jackson-databind:2.17.2 | Refl: 18 | Proxy: 0
Dependency: postgresql:42.7.4 | Refl: 8 | Proxy: 0

============================================================
PROJECT: algo-struct | DATE: 2026-04-10 10:17:52
SUMMARY: 41 deps | CMV: 283
------------------------------------------------------------
Dependency: logback-classic:1.5.18 | Refl: 97 | Proxy: 0
Dependency: thymeleaf-spring6:3.1.3.RELEASE | Refl: 4 | Proxy: 0
Dependency: thymeleaf:3.1.3.RELEASE | Refl: 59 | Proxy: 0
Dependency: jackson-databind:2.18.3 | Refl: 18 | Proxy: 0
Dependency: tomcat-embed-core:10.1.39 | Refl: 105 | Proxy: 0

============================================================
PROJECT: algorithms-api-java | DATE: 2026-04-10 10:17:54
SUMMARY: 41 deps | CMV: 588
------------------------------------------------------------
Dependency: logback-classic:1.5.18 | Refl: 97 | Proxy: 0
Dependency: jackson-databind:2.19.1 | Refl: 18 | Proxy: 0
Dependency: tomcat-embed-core:10.1.42 | Refl: 105 | Proxy: 0
Dependency: hibernate-validator:8.0.2.Final | Refl: 356 | Proxy: 0
Dependency: jboss-logging:3.6.1.Final | Refl: 12 | Proxy: 0

============================================================
PROJECT: StockWise | DATE: 2026-04-10 10:18:07
SUMMARY: 103 deps | CMV: 1551
------------------------------------------------------------
Dependency: logback-classic:1.5.16 | Refl: 97 | Proxy: 0
Dependency: jackson-databind:2.18.2 | Refl: 18 | Proxy: 0
Dependency: HdrHistogram:2.2.2 | Refl: 12 | Proxy: 0
Dependency: HikariCP:5.1.0 | Refl: 12 | Proxy: 0
Dependency: hibernate-core:6.6.8.Final | Refl: 1214 | Proxy: 0
Dependency: jboss-logging:3.6.1.Final | Refl: 12 | Proxy: 0
Dependency: thymeleaf-spring6:3.1.3.RELEASE | Refl: 4 | Proxy: 0
Dependency: thymeleaf:3.1.3.RELEASE | Refl: 59 | Proxy: 0
Dependency: tomcat-embed-core:10.1.36 | Refl: 105 | Proxy: 0
Dependency: postgresql:42.7.5 | Refl: 8 | Proxy: 0
Dependency: jaxb-runtime:4.0.5 | Refl: 10 | Proxy: 0

============================================================
PROJECT: sale-service | DATE: 2026-04-10 10:18:18
SUMMARY: 126 deps | CMV: 1963
------------------------------------------------------------
Dependency: logback-classic:1.5.11 | Refl: 97 | Proxy: 0
Dependency: jackson-databind:2.17.2 | Refl: 18 | Proxy: 0
Dependency: HdrHistogram:2.2.2 | Refl: 12 | Proxy: 0
Dependency: HikariCP:5.1.0 | Refl: 12 | Proxy: 0
Dependency: hibernate-core:6.5.3.Final | Refl: 1214 | Proxy: 0
Dependency: jboss-logging:3.5.3.Final | Refl: 12 | Proxy: 0
Dependency: jaxb-runtime:4.0.5 | Refl: 10 | Proxy: 0
Dependency: hibernate-validator:8.0.1.Final | Refl: 356 | Proxy: 0
Dependency: tomcat-embed-core:10.1.31 | Refl: 105 | Proxy: 0
Dependency: postgresql:42.7.4 | Refl: 8 | Proxy: 0
Dependency: consul-api:1.4.5 | Refl: 111 | Proxy: 0
Dependency: httpclient:4.5.14 | Refl: 1 | Proxy: 0
Dependency: commons-logging:1.2 | Refl: 7 | Proxy: 0

============================================================
PROJECT: mini-erp | DATE: 2026-04-10 10:18:22
SUMMARY: 83 deps | CMV: 1903
------------------------------------------------------------
Dependency: logback-classic:1.5.18 | Refl: 97 | Proxy: 0
Dependency: jackson-databind:2.19.2 | Refl: 18 | Proxy: 0
Dependency: HdrHistogram:2.2.2 | Refl: 12 | Proxy: 0
Dependency: HikariCP:6.3.3 | Refl: 8 | Proxy: 0
Dependency: hibernate-core:6.6.29.Final | Refl: 1214 | Proxy: 0
Dependency: jboss-logging:3.6.1.Final | Refl: 12 | Proxy: 0
Dependency: jaxb-runtime:4.0.5 | Refl: 10 | Proxy: 0
Dependency: thymeleaf-spring6:3.1.3.RELEASE | Refl: 4 | Proxy: 0
Dependency: thymeleaf:3.1.3.RELEASE | Refl: 59 | Proxy: 0
Dependency: tomcat-embed-core:10.1.46 | Refl: 105 | Proxy: 0
Dependency: postgresql:42.7.7 | Refl: 8 | Proxy: 0
Dependency: hibernate-validator:8.0.3.Final | Refl: 356 | Proxy: 0

============================================================
PROJECT: LabMQTT | DATE: 2026-04-10 10:18:22
SUMMARY: 2 deps | CMV: 0
------------------------------------------------------------
No reachability metadata found for this topology.

============================================================
PROJECT: task-manager | DATE: 2026-04-10 10:18:24
SUMMARY: 77 deps | CMV: 1476
------------------------------------------------------------
Dependency: HikariCP:5.1.0 | Refl: 12 | Proxy: 0
Dependency: hibernate-core:6.5.3.Final | Refl: 1214 | Proxy: 0
Dependency: jboss-logging:3.5.3.Final | Refl: 12 | Proxy: 0
Dependency: jaxb-runtime:4.0.5 | Refl: 10 | Proxy: 0
Dependency: logback-classic:1.5.11 | Refl: 97 | Proxy: 0
Dependency: tomcat-embed-core:10.1.31 | Refl: 105 | Proxy: 0
Dependency: jackson-databind:2.17.2 | Refl: 18 | Proxy: 0
Dependency: postgresql:42.7.4 | Refl: 8 | Proxy: 0
